█Getting uuid of QR code.
Downloading QR code.
                                                  ██████████████████████████████████████████████████████████████████████████████
██              ████            ████████    ██████  ██  ██████              ██
██  ██████████  ████  ██        ████████      ██████  ████████  ██████████  ██
██  ██      ██  ██        ████      ██      ██  ████  ██    ██  ██      ██  ██
██  ██      ██  ██  ██    ██  ██  ██  ██  ██  ██████        ██  ██      ██  ██
██  ██      ██  ████  ██████    ██  ██  ██  ██    ██    ██████  ██      ██  ██
██  ██████████  ██████  ██████    ██  ████████    ████  ██████  ██████████  ██
██              ██  ██  ██  ██  ██  ██  ██  ██  ██  ██  ██  ██              ██
████████████████████  ████          ████  ██    ██    ██    ██████████████████
████████    ██    ██      ██    ██  ████████      ██████████████████    ██████
████  ██████  ██    ██████████  ████  ████      ████  ██    ██████  ████  ████
████        ██  ██  ████    ██    ██    ████    ████  ██        ██████████  ██
████    ████████  ██  ██  ██  ██      ██  ██  ████  ██    ██    ██      ██  ██
██  ████  ██              ██████            ████████████    ██    ██  ██    ██
██████  ██  ████      ██      ██    ██      ██    ████        ████  ██  ██████
██████████        ████    ████  ██  ██  ██    ██      ██  ██    ██          ██
██  ██  ██  ██████  ██████  ████    ██  ██  ██    ██████  ██  ████        ████
██████    ████    ██████████      ██  ██████    ████  ████  ██    ████  ██  ██
██        ██  ██████  ████        ██████████████      ██  ██  ██  ██████  ████
██  ██  ██  ██        ██████      ██    ██  ██  ██  ████  ██████  ████  ██  ██
████████  ████████    ██    ████  ██    ██  ██████    ██████  ██████  ████████
████  ██  ██      ██      ██████    ████████  ██    ██  ██      ██    ████████
██  ██████████████      ██████      ████  ██    ██    ██    ████    ██  ██████
██      ██  ██  ████  ██  ██      ██████  ████  ██  ████  ████████  ██████  ██
██  ██        ██  ██  ██  ████      ████  ██        ██      ██    ████  ██████
██████  ████    ██████████      ██████        ██████    ██  ██    ██  ██    ██
██  ██    ████████  ██    ████    ██████        ██  ██        ████        ████
██    ██          ██  ██████  ████          ██  ████      ████      ████    ██
██  ████  ██  ██████  ████  ██████      ████    ██  ██        ████      ██████
██  ██  ██          ████  ████  ████████    ██    ██  ██              ████████
██████████████████  ██      ████████████████  ██████  ████  ██████        ████
██              ██  ██      ██  ████  ██████████    ██████  ██  ██      ██  ██
██  ██████████  ████████████    ██    ██████  ██        ██  ██████    ██  ████
██  ██      ██  ██    ██████    ██    ████████████  ████            ████  ████
██  ██      ██  ██  ██    ██  ██████  ██    ██████████      ██  ████  ████████
██  ██      ██  ████  ██    ██  ██    ██  ████████    ████  ████            ██
██  ██████████  ██████        ████████    ██    ██████  ██████  ██  ██      ██
██              ████  ████████████    ████  ██  ██  ██████  ██  ████  ████  ██
██████████████████████████████████████████████████████████████████████████████
Please scan the QR code to log in.
Please press confirm on your phone.
Loading the contact, this may take a little while.
[3J[H[2JLogin successfully as 艺术家的猫
Start auto replying.
LOG OUT!
